

*******************************************************************************
Wed Jun  8 21:40:37 2016


FIT:    data read from "../DatosGraficas/tiempos.dat"
        format = z
        #datapoints = 11
        residuals are weighted equally (unit weight)

function used for fitting: f(x)
fitted parameters initialized with current variable values



 Iteration 0
 WSSR        : 3.90068e+19       delta(WSSR)/WSSR   : 0
 delta(WSSR) : 0                 limit for stopping : 1e-05
 lambda	  : 1.8831e+09

initial set of free parameter values

a               = 1

After 5 iterations the fit converged.
final sum of squares of residuals : 375.583
rel. change during last iteration : -6.05388e-16

degrees of freedom    (FIT_NDF)                        : 10
rms of residuals      (FIT_STDFIT) = sqrt(WSSR/ndf)    : 6.12848
variance of residuals (reduced chisquare) = WSSR/ndf   : 37.5583

Final set of parameters            Asymptotic Standard Error
=======================            ==========================

a               = 2.25953e-08      +/- 9.813e-10    (4.343%)


correlation matrix of the fit parameters:

               a      
a               1.000 


*******************************************************************************
Wed Jun  8 21:41:18 2016


FIT:    data read from '../DatosGraficas/tiempos.dat'
        format = z
        #datapoints = 11
        residuals are weighted equally (unit weight)

function used for fitting: f(x)
fitted parameters initialized with current variable values



 Iteration 0
 WSSR        : 3.90068e+19       delta(WSSR)/WSSR   : 0
 delta(WSSR) : 0                 limit for stopping : 1e-05
 lambda	  : 1.8831e+09

initial set of free parameter values

a               = 1

After 5 iterations the fit converged.
final sum of squares of residuals : 375.583
rel. change during last iteration : -6.05388e-16

degrees of freedom    (FIT_NDF)                        : 10
rms of residuals      (FIT_STDFIT) = sqrt(WSSR/ndf)    : 6.12848
variance of residuals (reduced chisquare) = WSSR/ndf   : 37.5583

Final set of parameters            Asymptotic Standard Error
=======================            ==========================

a               = 2.25953e-08      +/- 9.813e-10    (4.343%)


correlation matrix of the fit parameters:

               a      
a               1.000 


*******************************************************************************
Wed Jun  8 21:41:34 2016


FIT:    data read from '../DatosGraficas/tiempos.dat'
        format = z
        #datapoints = 11
        residuals are weighted equally (unit weight)

function used for fitting: f(x)
fitted parameters initialized with current variable values



 Iteration 0
 WSSR        : 3.90068e+19       delta(WSSR)/WSSR   : 0
 delta(WSSR) : 0                 limit for stopping : 1e-05
 lambda	  : 1.8831e+09

initial set of free parameter values

a               = 1

After 5 iterations the fit converged.
final sum of squares of residuals : 375.583
rel. change during last iteration : -6.05388e-16

degrees of freedom    (FIT_NDF)                        : 10
rms of residuals      (FIT_STDFIT) = sqrt(WSSR/ndf)    : 6.12848
variance of residuals (reduced chisquare) = WSSR/ndf   : 37.5583

Final set of parameters            Asymptotic Standard Error
=======================            ==========================

a               = 2.25953e-08      +/- 9.813e-10    (4.343%)


correlation matrix of the fit parameters:

               a      
a               1.000 


*******************************************************************************
Wed Jun  8 21:42:34 2016


FIT:    data read from '../DatosGraficas/tiempos.dat'
        format = z
        #datapoints = 11
        residuals are weighted equally (unit weight)

function used for fitting: f(x)
fitted parameters initialized with current variable values



 Iteration 0
 WSSR        : 3.90068e+19       delta(WSSR)/WSSR   : 0
 delta(WSSR) : 0                 limit for stopping : 1e-05
 lambda	  : 1.8831e+09

initial set of free parameter values

a               = 1

After 5 iterations the fit converged.
final sum of squares of residuals : 375.583
rel. change during last iteration : -6.05388e-16

degrees of freedom    (FIT_NDF)                        : 10
rms of residuals      (FIT_STDFIT) = sqrt(WSSR/ndf)    : 6.12848
variance of residuals (reduced chisquare) = WSSR/ndf   : 37.5583

Final set of parameters            Asymptotic Standard Error
=======================            ==========================

a               = 2.25953e-08      +/- 9.813e-10    (4.343%)


correlation matrix of the fit parameters:

               a      
a               1.000 


*******************************************************************************
Wed Jun  8 21:42:48 2016


FIT:    data read from '../DatosGraficas/tiempos.dat'
        format = z
        #datapoints = 11
        residuals are weighted equally (unit weight)

function used for fitting: f(x)
fitted parameters initialized with current variable values



 Iteration 0
 WSSR        : 3.90068e+19       delta(WSSR)/WSSR   : 0
 delta(WSSR) : 0                 limit for stopping : 1e-05
 lambda	  : 1.8831e+09

initial set of free parameter values

a               = 1

After 5 iterations the fit converged.
final sum of squares of residuals : 375.583
rel. change during last iteration : -6.05388e-16

degrees of freedom    (FIT_NDF)                        : 10
rms of residuals      (FIT_STDFIT) = sqrt(WSSR/ndf)    : 6.12848
variance of residuals (reduced chisquare) = WSSR/ndf   : 37.5583

Final set of parameters            Asymptotic Standard Error
=======================            ==========================

a               = 2.25953e-08      +/- 9.813e-10    (4.343%)


correlation matrix of the fit parameters:

               a      
a               1.000 


*******************************************************************************
Wed Jun  8 21:43:23 2016


FIT:    data read from '../DatosGraficas/tiempos.dat'
        format = z
        #datapoints = 11
        residuals are weighted equally (unit weight)

function used for fitting: f(x)
fitted parameters initialized with current variable values



 Iteration 0
 WSSR        : 3.90068e+19       delta(WSSR)/WSSR   : 0
 delta(WSSR) : 0                 limit for stopping : 1e-05
 lambda	  : 1.8831e+09

initial set of free parameter values

a               = 1

After 5 iterations the fit converged.
final sum of squares of residuals : 375.583
rel. change during last iteration : -6.05388e-16

degrees of freedom    (FIT_NDF)                        : 10
rms of residuals      (FIT_STDFIT) = sqrt(WSSR/ndf)    : 6.12848
variance of residuals (reduced chisquare) = WSSR/ndf   : 37.5583

Final set of parameters            Asymptotic Standard Error
=======================            ==========================

a               = 2.25953e-08      +/- 9.813e-10    (4.343%)


correlation matrix of the fit parameters:

               a      
a               1.000 


*******************************************************************************
Wed Jun  8 21:44:46 2016


FIT:    data read from '../DatosGraficas/tiempos.dat'
        format = z
        #datapoints = 11
        residuals are weighted equally (unit weight)

function used for fitting: f(x)
fitted parameters initialized with current variable values



 Iteration 0
 WSSR        : 3.90068e+19       delta(WSSR)/WSSR   : 0
 delta(WSSR) : 0                 limit for stopping : 1e-05
 lambda	  : 1.8831e+09

initial set of free parameter values

a               = 1

After 5 iterations the fit converged.
final sum of squares of residuals : 375.583
rel. change during last iteration : -6.05388e-16

degrees of freedom    (FIT_NDF)                        : 10
rms of residuals      (FIT_STDFIT) = sqrt(WSSR/ndf)    : 6.12848
variance of residuals (reduced chisquare) = WSSR/ndf   : 37.5583

Final set of parameters            Asymptotic Standard Error
=======================            ==========================

a               = 2.25953e-08      +/- 9.813e-10    (4.343%)


correlation matrix of the fit parameters:

               a      
a               1.000 
