

*******************************************************************************
Sun Apr 10 00:22:39 2016


FIT:    data read from "datos.dat"
        format = z
        #datapoints = 499
        residuals are weighted equally (unit weight)

function used for fitting: f(x)
fitted parameters initialized with current variable values



 Iteration 0
 WSSR        : 6.22191e+16       delta(WSSR)/WSSR   : 0
 delta(WSSR) : 0                 limit for stopping : 1e-05
 lambda	  : 6.44528e+06

initial set of free parameter values

a               = 1
b               = 1
c               = 1

After 10 iterations the fit converged.
final sum of squares of residuals : 6.17578e-05
rel. change during last iteration : -5.13541e-08

degrees of freedom    (FIT_NDF)                        : 496
rms of residuals      (FIT_STDFIT) = sqrt(WSSR/ndf)    : 0.000352862
variance of residuals (reduced chisquare) = WSSR/ndf   : 1.24512e-07

Final set of parameters            Asymptotic Standard Error
=======================            ==========================

a               = 2.4062e-09       +/- 8.511e-12    (0.3537%)
b               = -5.0317e-07      +/- 4.395e-08    (8.734%)
c               = 0.000281792      +/- 4.758e-05    (16.88%)


correlation matrix of the fit parameters:

               a      b      c      
a               1.000 
b              -0.968  1.000 
c               0.747 -0.867  1.000 
