

*******************************************************************************
Wed Apr 13 14:45:34 2016


FIT:    data read from "datos.dat"
        format = z
        #datapoints = 499
        residuals are weighted equally (unit weight)

function used for fitting: f(x)
fitted parameters initialized with current variable values



 Iteration 0
 WSSR        : 5.79915e+11       delta(WSSR)/WSSR   : 0
 delta(WSSR) : 0                 limit for stopping : 1e-05
 lambda	  : 34090.4

initial set of free parameter values

a               = 1

After 4 iterations the fit converged.
final sum of squares of residuals : 3.62329e-06
rel. change during last iteration : -1.03256e-11

degrees of freedom    (FIT_NDF)                        : 498
rms of residuals      (FIT_STDFIT) = sqrt(WSSR/ndf)    : 8.52976e-05
variance of residuals (reduced chisquare) = WSSR/ndf   : 7.27568e-09

Final set of parameters            Asymptotic Standard Error
=======================            ==========================

a               = 1.98466e-08      +/- 1.12e-10     (0.5644%)


correlation matrix of the fit parameters:

               a      
a               1.000 
