

*******************************************************************************
Tue Apr 12 18:23:55 2016


FIT:    data read from "datos.dat"
        format = z
        #datapoints = 499
        residuals are weighted equally (unit weight)

function used for fitting: f(x)
fitted parameters initialized with current variable values



 Iteration 0
 WSSR        : 6.22191e+16       delta(WSSR)/WSSR   : 0
 delta(WSSR) : 0                 limit for stopping : 1e-05
 lambda	  : 6.44528e+06

initial set of free parameter values

a               = 1
b               = 1
c               = 1

After 10 iterations the fit converged.
final sum of squares of residuals : 0.00473949
rel. change during last iteration : -6.69598e-10

degrees of freedom    (FIT_NDF)                        : 496
rms of residuals      (FIT_STDFIT) = sqrt(WSSR/ndf)    : 0.00309118
variance of residuals (reduced chisquare) = WSSR/ndf   : 9.55542e-06

Final set of parameters            Asymptotic Standard Error
=======================            ==========================

a               = 4.62037e-09      +/- 7.456e-11    (1.614%)
b               = 7.56764e-09      +/- 3.85e-07     (5087%)
c               = -3.85366e-05     +/- 0.0004168    (1082%)


correlation matrix of the fit parameters:

               a      b      c      
a               1.000 
b              -0.968  1.000 
c               0.747 -0.867  1.000 
