

*******************************************************************************
Wed Apr 13 14:45:33 2016


FIT:    data read from "datos.dat"
        format = z
        #datapoints = 499
        residuals are weighted equally (unit weight)

function used for fitting: f(x)
fitted parameters initialized with current variable values



 Iteration 0
 WSSR        : 6.22191e+16       delta(WSSR)/WSSR   : 0
 delta(WSSR) : 0                 limit for stopping : 1e-05
 lambda	  : 6.44528e+06

initial set of free parameter values

a               = 1
b               = 1
c               = 1

After 10 iterations the fit converged.
final sum of squares of residuals : 0.00116542
rel. change during last iteration : -2.72057e-09

degrees of freedom    (FIT_NDF)                        : 496
rms of residuals      (FIT_STDFIT) = sqrt(WSSR/ndf)    : 0.00153285
variance of residuals (reduced chisquare) = WSSR/ndf   : 2.34964e-06

Final set of parameters            Asymptotic Standard Error
=======================            ==========================

a               = 2.76082e-09      +/- 3.697e-11    (1.339%)
b               = -8.47849e-07     +/- 1.909e-07    (22.52%)
c               = 0.000424603      +/- 0.0002067    (48.68%)


correlation matrix of the fit parameters:

               a      b      c      
a               1.000 
b              -0.968  1.000 
c               0.747 -0.867  1.000 
