

*******************************************************************************
Mon Mar 14 19:12:45 2016


FIT:    data read from "datos.dat"
        format = z
        #datapoints = 98
        residuals are weighted equally (unit weight)

function used for fitting: f(x)
fitted parameters initialized with current variable values



 Iteration 0
 WSSR        : 1.95082e+17       delta(WSSR)/WSSR   : 0
 delta(WSSR) : 0                 limit for stopping : 1e-05
 lambda	  : 2.57561e+07

initial set of free parameter values

a               = 1
b               = 1
c               = 1

After 11 iterations the fit converged.
final sum of squares of residuals : 0.000166284
rel. change during last iteration : -2.06677e-09

degrees of freedom    (FIT_NDF)                        : 95
rms of residuals      (FIT_STDFIT) = sqrt(WSSR/ndf)    : 0.00132301
variance of residuals (reduced chisquare) = WSSR/ndf   : 1.75036e-06

Final set of parameters            Asymptotic Standard Error
=======================            ==========================

a               = 5.87567e-09      +/- 1.867e-11    (0.3178%)
b               = -7.2031e-07      +/- 1.944e-07    (26.99%)
c               = 0.000314075      +/- 0.0004261    (135.7%)


correlation matrix of the fit parameters:

               a      b      c      
a               1.000 
b              -0.970  1.000 
c               0.767 -0.880  1.000 


*******************************************************************************
Mon Mar 14 19:22:23 2016


FIT:    data read from "datos.dat"
        format = z
        #datapoints = 98
        residuals are weighted equally (unit weight)

function used for fitting: f(x)
fitted parameters initialized with current variable values



 Iteration 0
 WSSR        : 1.95082e+17       delta(WSSR)/WSSR   : 0
 delta(WSSR) : 0                 limit for stopping : 1e-05
 lambda	  : 2.57561e+07

initial set of free parameter values

a               = 1
b               = 1
c               = 1

After 11 iterations the fit converged.
final sum of squares of residuals : 0.00436197
rel. change during last iteration : -7.91044e-11

degrees of freedom    (FIT_NDF)                        : 95
rms of residuals      (FIT_STDFIT) = sqrt(WSSR/ndf)    : 0.0067761
variance of residuals (reduced chisquare) = WSSR/ndf   : 4.59155e-05

Final set of parameters            Asymptotic Standard Error
=======================            ==========================

a               = 5.77612e-09      +/- 9.565e-11    (1.656%)
b               = 5.42893e-07      +/- 9.959e-07    (183.4%)
c               = -0.00168653      +/- 0.002182     (129.4%)


correlation matrix of the fit parameters:

               a      b      c      
a               1.000 
b              -0.970  1.000 
c               0.767 -0.880  1.000 


*******************************************************************************
Mon Mar 14 19:25:09 2016


FIT:    data read from "datos.dat"
        format = z
        #datapoints = 98
        residuals are weighted equally (unit weight)

function used for fitting: f(x)
fitted parameters initialized with current variable values



 Iteration 0
 WSSR        : 1.95082e+17       delta(WSSR)/WSSR   : 0
 delta(WSSR) : 0                 limit for stopping : 1e-05
 lambda	  : 2.57561e+07

initial set of free parameter values

a               = 1
b               = 1
c               = 1

After 11 iterations the fit converged.
final sum of squares of residuals : 0.00212361
rel. change during last iteration : -1.6252e-10

degrees of freedom    (FIT_NDF)                        : 95
rms of residuals      (FIT_STDFIT) = sqrt(WSSR/ndf)    : 0.00472798
variance of residuals (reduced chisquare) = WSSR/ndf   : 2.23538e-05

Final set of parameters            Asymptotic Standard Error
=======================            ==========================

a               = 5.74159e-09      +/- 6.674e-11    (1.162%)
b               = 1.21624e-06      +/- 6.949e-07    (57.13%)
c               = -0.00180824      +/- 0.001523     (84.21%)


correlation matrix of the fit parameters:

               a      b      c      
a               1.000 
b              -0.970  1.000 
c               0.767 -0.880  1.000 


*******************************************************************************
Mon Mar 14 20:51:41 2016


FIT:    data read from "datos.dat"
        format = z
        #datapoints = 98
        residuals are weighted equally (unit weight)

function used for fitting: f(x)
fitted parameters initialized with current variable values



 Iteration 0
 WSSR        : 5.3869e+11        delta(WSSR)/WSSR   : 0
 delta(WSSR) : 0                 limit for stopping : 1e-05
 lambda	  : 74140.6

initial set of free parameter values

a               = 1

The maximum lambda = 1.000000e+20 was exceeded. Fit stopped.
final sum of squares of residuals : 2.53201e-08
rel. change during last iteration : 0

degrees of freedom    (FIT_NDF)                        : 97
rms of residuals      (FIT_STDFIT) = sqrt(WSSR/ndf)    : 1.61565e-05
variance of residuals (reduced chisquare) = WSSR/ndf   : 2.61031e-10

Final set of parameters            Asymptotic Standard Error
=======================            ==========================

a               = 2.07586e-08      +/- 2.201e-11    (0.106%)


correlation matrix of the fit parameters:

               a      
a               1.000 


*******************************************************************************
Mon Mar 14 20:51:42 2016


FIT:    data read from "datos.dat"
        format = z
        #datapoints = 98
        residuals are weighted equally (unit weight)

function used for fitting: f(x)
fitted parameters initialized with current variable values



 Iteration 0
 WSSR        : 5.3869e+11        delta(WSSR)/WSSR   : 0
 delta(WSSR) : 0                 limit for stopping : 1e-05
 lambda	  : 74140.6

initial set of free parameter values

a               = 1

After 4 iterations the fit converged.
final sum of squares of residuals : 1.32299e-06
rel. change during last iteration : -4.50316e-07

degrees of freedom    (FIT_NDF)                        : 97
rms of residuals      (FIT_STDFIT) = sqrt(WSSR/ndf)    : 0.000116787
variance of residuals (reduced chisquare) = WSSR/ndf   : 1.36391e-08

Final set of parameters            Asymptotic Standard Error
=======================            ==========================

a               = 2.43779e-08      +/- 1.591e-10    (0.6527%)


correlation matrix of the fit parameters:

               a      
a               1.000 


*******************************************************************************
Mon Mar 14 20:51:49 2016


FIT:    data read from "datos.dat"
        format = z
        #datapoints = 98
        residuals are weighted equally (unit weight)

function used for fitting: f(x)
fitted parameters initialized with current variable values



 Iteration 0
 WSSR        : 1.95082e+17       delta(WSSR)/WSSR   : 0
 delta(WSSR) : 0                 limit for stopping : 1e-05
 lambda	  : 2.57561e+07

initial set of free parameter values

a               = 1
b               = 1
c               = 1

After 11 iterations the fit converged.
final sum of squares of residuals : 0.00202028
rel. change during last iteration : -1.69844e-10

degrees of freedom    (FIT_NDF)                        : 95
rms of residuals      (FIT_STDFIT) = sqrt(WSSR/ndf)    : 0.00461152
variance of residuals (reduced chisquare) = WSSR/ndf   : 2.12661e-05

Final set of parameters            Asymptotic Standard Error
=======================            ==========================

a               = 2.28175e-09      +/- 6.509e-11    (2.853%)
b               = -1.00057e-06     +/- 6.777e-07    (67.74%)
c               = 0.00109221       +/- 0.001485     (136%)


correlation matrix of the fit parameters:

               a      b      c      
a               1.000 
b              -0.970  1.000 
c               0.767 -0.880  1.000 


*******************************************************************************
Mon Mar 14 20:51:58 2016


FIT:    data read from "datos.dat"
        format = z
        #datapoints = 98
        residuals are weighted equally (unit weight)

function used for fitting: f(x)
fitted parameters initialized with current variable values



 Iteration 0
 WSSR        : 1.95082e+17       delta(WSSR)/WSSR   : 0
 delta(WSSR) : 0                 limit for stopping : 1e-05
 lambda	  : 2.57561e+07

initial set of free parameter values

a               = 1
b               = 1
c               = 1

After 11 iterations the fit converged.
final sum of squares of residuals : 6.49048e-05
rel. change during last iteration : -5.29679e-09

degrees of freedom    (FIT_NDF)                        : 95
rms of residuals      (FIT_STDFIT) = sqrt(WSSR/ndf)    : 0.000826564
variance of residuals (reduced chisquare) = WSSR/ndf   : 6.83208e-07

Final set of parameters            Asymptotic Standard Error
=======================            ==========================

a               = 2.43308e-09      +/- 1.167e-11    (0.4795%)
b               = 1.90207e-08      +/- 1.215e-07    (638.7%)
c               = 0.000140254      +/- 0.0002662    (189.8%)


correlation matrix of the fit parameters:

               a      b      c      
a               1.000 
b              -0.970  1.000 
c               0.767 -0.880  1.000 


*******************************************************************************
Mon Mar 14 20:51:59 2016


FIT:    data read from "datos.dat"
        format = z
        #datapoints = 98
        residuals are weighted equally (unit weight)

function used for fitting: f(x)
fitted parameters initialized with current variable values



 Iteration 0
 WSSR        : 5.3869e+11        delta(WSSR)/WSSR   : 0
 delta(WSSR) : 0                 limit for stopping : 1e-05
 lambda	  : 74140.6

initial set of free parameter values

a               = 1

After 4 iterations the fit converged.
final sum of squares of residuals : 5.42374e-07
rel. change during last iteration : -1.09844e-06

degrees of freedom    (FIT_NDF)                        : 97
rms of residuals      (FIT_STDFIT) = sqrt(WSSR/ndf)    : 7.47762e-05
variance of residuals (reduced chisquare) = WSSR/ndf   : 5.59149e-09

Final set of parameters            Asymptotic Standard Error
=======================            ==========================

a               = 1.55323e-08      +/- 1.019e-10    (0.6559%)


correlation matrix of the fit parameters:

               a      
a               1.000 


*******************************************************************************
Mon Mar 14 20:52:18 2016


FIT:    data read from "datos.dat"
        format = z
        #datapoints = 98
        residuals are weighted equally (unit weight)

function used for fitting: f(x)
fitted parameters initialized with current variable values



 Iteration 0
 WSSR        : 1.95082e+17       delta(WSSR)/WSSR   : 0
 delta(WSSR) : 0                 limit for stopping : 1e-05
 lambda	  : 2.57561e+07

initial set of free parameter values

a               = 1
b               = 1
c               = 1

After 11 iterations the fit converged.
final sum of squares of residuals : 0.00255431
rel. change during last iteration : -1.34425e-10

degrees of freedom    (FIT_NDF)                        : 95
rms of residuals      (FIT_STDFIT) = sqrt(WSSR/ndf)    : 0.00518532
variance of residuals (reduced chisquare) = WSSR/ndf   : 2.68875e-05

Final set of parameters            Asymptotic Standard Error
=======================            ==========================

a               = 5.93699e-09      +/- 7.319e-11    (1.233%)
b               = -9.07072e-07     +/- 7.621e-07    (84.01%)
c               = 0.000758885      +/- 0.00167      (220.1%)


correlation matrix of the fit parameters:

               a      b      c      
a               1.000 
b              -0.970  1.000 
c               0.767 -0.880  1.000 


*******************************************************************************
Mon Mar 14 20:54:58 2016


FIT:    data read from "datos.dat"
        format = z
        #datapoints = 25
        residuals are weighted equally (unit weight)

function used for fitting: f(x)
fitted parameters initialized with current variable values



*******************************************************************************
Mon Mar 14 20:55:10 2016


FIT:    data read from "datos.dat"
        format = z
        #datapoints = 27
        residuals are weighted equally (unit weight)

function used for fitting: f(x)
fitted parameters initialized with current variable values



*******************************************************************************
Mon Mar 14 20:59:39 2016


FIT:    data read from "datos.dat"
        format = z
        #datapoints = 80
        residuals are weighted equally (unit weight)

function used for fitting: f(x)
fitted parameters initialized with current variable values



 Iteration 0
 WSSR        : 1.3823e+19        delta(WSSR)/WSSR   : 0
 delta(WSSR) : 0                 limit for stopping : 1e-05
 lambda	  : 2.07595e+08

initial set of free parameter values

a               = 1
b               = 1
c               = 1
d               = 1

After 12 iterations the fit converged.
final sum of squares of residuals : 0.428936
rel. change during last iteration : -2.45957e-08

degrees of freedom    (FIT_NDF)                        : 76
rms of residuals      (FIT_STDFIT) = sqrt(WSSR/ndf)    : 0.0751258
variance of residuals (reduced chisquare) = WSSR/ndf   : 0.00564389

Final set of parameters            Asymptotic Standard Error
=======================            ==========================

a               = 1.06114e-08      +/- 8.69e-10     (8.189%)
b               = 6.1641e-07       +/- 1.561e-06    (253.3%)
c               = -0.000339803     +/- 0.0008661    (254.9%)
d               = 0.0516956        +/- 0.1454       (281.3%)


correlation matrix of the fit parameters:

               a      b      c      d      
a               1.000 
b              -0.994  1.000 
c               0.969 -0.990  1.000 
d              -0.918  0.953 -0.984  1.000 
