

*******************************************************************************
Wed Mar 16 12:42:01 2016


FIT:    data read from "Burbuja/Datos/burbujaO0_ruben.dat"
        format = z
        #datapoints = 98
        residuals are weighted equally (unit weight)

function used for fitting: f(x)


*******************************************************************************
Wed Mar 16 12:42:13 2016


FIT:    data read from "Burbuja/Datos/burbujaO0_ruben.dat"
        format = z
        #datapoints = 98
        residuals are weighted equally (unit weight)

function used for fitting: f(x)
fitted parameters initialized with current variable values



 Iteration 0
 WSSR        : 1.95082e+17       delta(WSSR)/WSSR   : 0
 delta(WSSR) : 0                 limit for stopping : 1e-05
 lambda	  : 2.57561e+07

initial set of free parameter values

a               = 1
b               = 1
c               = 1

After 11 iterations the fit converged.
final sum of squares of residuals : 0.026954
rel. change during last iteration : -1.28376e-11

degrees of freedom    (FIT_NDF)                        : 95
rms of residuals      (FIT_STDFIT) = sqrt(WSSR/ndf)    : 0.0168442
variance of residuals (reduced chisquare) = WSSR/ndf   : 0.000283727

Final set of parameters            Asymptotic Standard Error
=======================            ==========================

a               = 4.31433e-09      +/- 2.378e-10    (5.511%)
b               = 3.94506e-06      +/- 2.476e-06    (62.75%)
c               = -0.00311235      +/- 0.005425     (174.3%)


correlation matrix of the fit parameters:

               a      b      c      
a               1.000 
b              -0.970  1.000 
c               0.767 -0.880  1.000 


*******************************************************************************
Wed Mar 16 12:43:40 2016


FIT:    data read from "Fibonacci/Datos/fibonacciO0_ruben.dat"
        format = z
        #datapoints = 25
        residuals are weighted equally (unit weight)

function used for fitting: f(x)
fitted parameters initialized with current variable values



 Iteration 0
 WSSR        : 583.164           delta(WSSR)/WSSR   : 0
 delta(WSSR) : 0                 limit for stopping : 1e-05
 lambda	  : 3.76417e+09

initial set of free parameter values

a               = 4.31433e-09

After 3 iterations the fit converged.
final sum of squares of residuals : 0.0372559
rel. change during last iteration : -3.70164e-06

degrees of freedom    (FIT_NDF)                        : 24
rms of residuals      (FIT_STDFIT) = sqrt(WSSR/ndf)    : 0.0393996
variance of residuals (reduced chisquare) = WSSR/ndf   : 0.00155233

Final set of parameters            Asymptotic Standard Error
=======================            ==========================

a               = 5.59738e-09      +/- 2.093e-12    (0.0374%)


correlation matrix of the fit parameters:

               a      
a               1.000 


*******************************************************************************
Wed Mar 16 12:45:36 2016


FIT:    data read from "Floyd/Datos/floydO0_ruben.dat"
        format = z
        #datapoints = 80
        residuals are weighted equally (unit weight)

function used for fitting: f(x)
fitted parameters initialized with current variable values



*******************************************************************************
Wed Mar 16 12:45:42 2016


FIT:    data read from "Floyd/Datos/floydO0_ruben.dat"
        format = z
        #datapoints = 80
        residuals are weighted equally (unit weight)

function used for fitting: f(x)
fitted parameters initialized with current variable values



 Iteration 0
 WSSR        : 62.7563           delta(WSSR)/WSSR   : 0
 delta(WSSR) : 0                 limit for stopping : 1e-05
 lambda	  : 2.07595e+08

initial set of free parameter values

a               = 5.59738e-09
b               = 3.94506e-06
c               = -0.00311235
d               = 1

After 12 iterations the fit converged.
final sum of squares of residuals : 0.0788235
rel. change during last iteration : -1.87595e-07

degrees of freedom    (FIT_NDF)                        : 76
rms of residuals      (FIT_STDFIT) = sqrt(WSSR/ndf)    : 0.0322048
variance of residuals (reduced chisquare) = WSSR/ndf   : 0.00103715

Final set of parameters            Asymptotic Standard Error
=======================            ==========================

a               = 1.11725e-08      +/- 3.725e-10    (3.334%)
b               = -2.27723e-06     +/- 6.692e-07    (29.39%)
c               = 0.00096037       +/- 0.0003713    (38.66%)
d               = -0.115743        +/- 0.06234      (53.86%)


correlation matrix of the fit parameters:

               a      b      c      d      
a               1.000 
b              -0.994  1.000 
c               0.969 -0.990  1.000 
d              -0.918  0.953 -0.984  1.000 


*******************************************************************************
Wed Mar 16 12:46:33 2016


FIT:    data read from "Hanoi/Datos/hanoiO0_ruben.dat"
        format = z
        #datapoints = 27
        residuals are weighted equally (unit weight)

function used for fitting: f(x)
fitted parameters initialized with current variable values



 Iteration 0
 WSSR        : 0.00512405        delta(WSSR)/WSSR   : 0
 delta(WSSR) : 0                 limit for stopping : 1e-05
 lambda	  : 1.19305e+08

initial set of free parameter values

a               = 1.11725e-08

After 3 iterations the fit converged.
final sum of squares of residuals : 0.00193327
rel. change during last iteration : -2.88562e-10

degrees of freedom    (FIT_NDF)                        : 26
rms of residuals      (FIT_STDFIT) = sqrt(WSSR/ndf)    : 0.00862303
variance of residuals (reduced chisquare) = WSSR/ndf   : 7.43566e-05

Final set of parameters            Asymptotic Standard Error
=======================            ==========================

a               = 1.12636e-08      +/- 1.391e-11    (0.1235%)


correlation matrix of the fit parameters:

               a      
a               1.000 


*******************************************************************************
Wed Mar 16 12:47:04 2016


FIT:    data read from "Heapsort/Datos/heapsortO0_ruben.dat"
        format = z
        #datapoints = 98
        residuals are weighted equally (unit weight)

function used for fitting: f(x)
fitted parameters initialized with current variable values



 Iteration 0
 WSSR        : 0.000133492       delta(WSSR)/WSSR   : 0
 delta(WSSR) : 0                 limit for stopping : 1e-05
 lambda	  : 74140.6

initial set of free parameter values

a               = 1.12636e-08

After 3 iterations the fit converged.
final sum of squares of residuals : 3.32989e-05
rel. change during last iteration : -3.19553e-12

degrees of freedom    (FIT_NDF)                        : 97
rms of residuals      (FIT_STDFIT) = sqrt(WSSR/ndf)    : 0.000585908
variance of residuals (reduced chisquare) = WSSR/ndf   : 3.43288e-07

Final set of parameters            Asymptotic Standard Error
=======================            ==========================

a               = 2.49016e-08      +/- 7.983e-10    (3.206%)


correlation matrix of the fit parameters:

               a      
a               1.000 


*******************************************************************************
Wed Mar 16 12:47:35 2016


FIT:    data read from "Insercion/Datos/insercionO0_ruben.dat"
        format = z
        #datapoints = 98
        residuals are weighted equally (unit weight)

function used for fitting: f(x)
fitted parameters initialized with current variable values



 Iteration 0
 WSSR        : 99.1104           delta(WSSR)/WSSR   : 0
 delta(WSSR) : 0                 limit for stopping : 1e-05
 lambda	  : 4.46109e+07

initial set of free parameter values

a               = 2.49016e-08

After 3 iterations the fit converged.
final sum of squares of residuals : 0.0298773
rel. change during last iteration : -3.52237e-09

degrees of freedom    (FIT_NDF)                        : 97
rms of residuals      (FIT_STDFIT) = sqrt(WSSR/ndf)    : 0.0175503
variance of residuals (reduced chisquare) = WSSR/ndf   : 0.000308014

Final set of parameters            Asymptotic Standard Error
=======================            ==========================

a               = 2.36229e-09      +/- 3.974e-11    (1.682%)


correlation matrix of the fit parameters:

               a      
a               1.000 


*******************************************************************************
Wed Mar 16 12:48:07 2016


FIT:    data read from "Mergesort/Datos/mergesortO0_ruben.dat"
        format = z
        #datapoints = 98
        residuals are weighted equally (unit weight)

function used for fitting: f(x)
fitted parameters initialized with current variable values



 Iteration 0
 WSSR        : 0.000656139       delta(WSSR)/WSSR   : 0
 delta(WSSR) : 0                 limit for stopping : 1e-05
 lambda	  : 74140.6

initial set of free parameter values

a               = 2.36229e-09

After 3 iterations the fit converged.
final sum of squares of residuals : 7.41627e-05
rel. change during last iteration : -8.33516e-12

degrees of freedom    (FIT_NDF)                        : 97
rms of residuals      (FIT_STDFIT) = sqrt(WSSR/ndf)    : 0.000874394
variance of residuals (reduced chisquare) = WSSR/ndf   : 7.64564e-07

Final set of parameters            Asymptotic Standard Error
=======================            ==========================

a               = 3.5231e-08       +/- 1.191e-09    (3.382%)


correlation matrix of the fit parameters:

               a      
a               1.000 


*******************************************************************************
Wed Mar 16 12:48:37 2016


FIT:    data read from "Quicksort/Datos/quicksortO0_ruben.dat"
        format = z
        #datapoints = 98
        residuals are weighted equally (unit weight)

function used for fitting: f(x)
fitted parameters initialized with current variable values



 Iteration 0
 WSSR        : 8.73667e-05       delta(WSSR)/WSSR   : 0
 delta(WSSR) : 0                 limit for stopping : 1e-05
 lambda	  : 74140.6

initial set of free parameter values

a               = 3.5231e-08

After 3 iterations the fit converged.
final sum of squares of residuals : 1.57891e-05
rel. change during last iteration : -4.81555e-12

degrees of freedom    (FIT_NDF)                        : 97
rms of residuals      (FIT_STDFIT) = sqrt(WSSR/ndf)    : 0.000403452
variance of residuals (reduced chisquare) = WSSR/ndf   : 1.62774e-07

Final set of parameters            Asymptotic Standard Error
=======================            ==========================

a               = 2.3704e-08       +/- 5.497e-10    (2.319%)


correlation matrix of the fit parameters:

               a      
a               1.000 


*******************************************************************************
Wed Mar 16 12:49:30 2016


FIT:    data read from "Seleccion/Datos/seleccionO0_ruben.dat"
        format = z
        #datapoints = 98
        residuals are weighted equally (unit weight)

function used for fitting: f(x)
fitted parameters initialized with current variable values



 Iteration 0
 WSSR        : 88.8429           delta(WSSR)/WSSR   : 0
 delta(WSSR) : 0                 limit for stopping : 1e-05
 lambda	  : 4.46109e+07

initial set of free parameter values

a               = 2.3704e-08

After 3 iterations the fit converged.
final sum of squares of residuals : 0.0197648
rel. change during last iteration : -4.77335e-09

degrees of freedom    (FIT_NDF)                        : 97
rms of residuals      (FIT_STDFIT) = sqrt(WSSR/ndf)    : 0.0142745
variance of residuals (reduced chisquare) = WSSR/ndf   : 0.000203761

Final set of parameters            Asymptotic Standard Error
=======================            ==========================

a               = 2.36327e-09      +/- 3.232e-11    (1.368%)


correlation matrix of the fit parameters:

               a      
a               1.000 


*******************************************************************************
Wed Mar 16 13:16:07 2016


FIT:    data read from "Insercion/Datos/insercionO0_ruben.dat"
        format = z
        #datapoints = 98
        residuals are weighted equally (unit weight)

function used for fitting: f(x)
fitted parameters initialized with current variable values



 Iteration 0
 WSSR        : 0.0298775         delta(WSSR)/WSSR   : 0
 delta(WSSR) : 0                 limit for stopping : 1e-05
 lambda	  : 4.46109e+07

initial set of free parameter values

a               = 2.36327e-09

After 1 iterations the fit converged.
final sum of squares of residuals : 0.0298773
rel. change during last iteration : -6.27787e-06

degrees of freedom    (FIT_NDF)                        : 97
rms of residuals      (FIT_STDFIT) = sqrt(WSSR/ndf)    : 0.0175503
variance of residuals (reduced chisquare) = WSSR/ndf   : 0.000308014

Final set of parameters            Asymptotic Standard Error
=======================            ==========================

a               = 2.3623e-09       +/- 3.974e-11    (1.682%)


correlation matrix of the fit parameters:

               a      
a               1.000 


*******************************************************************************
Wed Mar 16 13:16:12 2016


FIT:    data read from "Insercion/Datos/insercionO0_ruben.dat"
        format = z
        #datapoints = 98
        residuals are weighted equally (unit weight)

function used for fitting: f(x)
fitted parameters initialized with current variable values



 Iteration 0
 WSSR        : 0.0298773         delta(WSSR)/WSSR   : 0
 delta(WSSR) : 0                 limit for stopping : 1e-05
 lambda	  : 2.57561e+07

initial set of free parameter values

a               = 2.3623e-09
b               = -2.27723e-06
c               = 0.00096037

After 1 iterations the fit converged.
final sum of squares of residuals : 0.0298773
rel. change during last iteration : -1.03713e-07

degrees of freedom    (FIT_NDF)                        : 95
rms of residuals      (FIT_STDFIT) = sqrt(WSSR/ndf)    : 0.0177341
variance of residuals (reduced chisquare) = WSSR/ndf   : 0.000314498

Final set of parameters            Asymptotic Standard Error
=======================            ==========================

a               = 2.36229e-09      +/- 2.503e-10    (10.6%)
b               = -2.27723e-06     +/- 2.606e-06    (114.5%)
c               = 0.00096037       +/- 0.005712     (594.8%)


correlation matrix of the fit parameters:

               a      b      c      
a               1.000 
b              -0.970  1.000 
c               0.767 -0.880  1.000 
