\BOOKMARK [1][-]{section.1}{Explicaci\363n del m\351todo utilizado}{}% 1
\BOOKMARK [1][-]{section.2}{C\341lculo de la eficiencia emp\355rica}{}% 2
\BOOKMARK [2][-]{subsection.2.1}{Tabla con los algor\355tmos cuadr\341ticos}{section.2}% 3
\BOOKMARK [2][-]{subsection.2.2}{Tabla con los algor\355tmos c\372bicos}{section.2}% 4
\BOOKMARK [2][-]{subsection.2.3}{Tabla con los algor\355tmos nlog\(n\)}{section.2}% 5
\BOOKMARK [2][-]{subsection.2.4}{Tabla con el algor\355tmo de Fibonacci}{section.2}% 6
\BOOKMARK [2][-]{subsection.2.5}{Tabla con el algor\355tmo de Hanoi}{section.2}% 7
\BOOKMARK [2][-]{subsection.2.6}{Tabla con los algoritmos de ordenaci\363n}{section.2}% 8
\BOOKMARK [1][-]{section.3}{Gr\341ficas}{}% 9
\BOOKMARK [2][-]{subsection.3.1}{Ordenaci\355on}{section.3}% 10
\BOOKMARK [3][-]{subsubsection.3.1.1}{Burbuja}{subsection.3.1}% 11
\BOOKMARK [3][-]{subsubsection.3.1.2}{Inserci\363n}{subsection.3.1}% 12
\BOOKMARK [3][-]{subsubsection.3.1.3}{Selecci\363n}{subsection.3.1}% 13
\BOOKMARK [3][-]{subsubsection.3.1.4}{Mergesort}{subsection.3.1}% 14
\BOOKMARK [3][-]{subsubsection.3.1.5}{Quicksort}{subsection.3.1}% 15
\BOOKMARK [3][-]{subsubsection.3.1.6}{Heapsort}{subsection.3.1}% 16
\BOOKMARK [3][-]{subsubsection.3.1.7}{Comparativa algoritmos de ordenaci\355on}{subsection.3.1}% 17
\BOOKMARK [2][-]{subsection.3.2}{Fibonacci}{section.3}% 18
\BOOKMARK [2][-]{subsection.3.3}{Hanoi}{section.3}% 19
\BOOKMARK [2][-]{subsection.3.4}{Floyd}{section.3}% 20
