\BOOKMARK [1][-]{section.1}{Introducci\363n}{}% 1
\BOOKMARK [1][-]{section.2}{Mezclando k vectores ordenados}{}% 2
\BOOKMARK [2][-]{subsection.2.1}{Estudio preliminar}{section.2}% 3
\BOOKMARK [3][-]{subsubsection.2.1.1}{Eficiencia te\363rica fuerza bruta}{subsection.2.1}% 4
\BOOKMARK [3][-]{subsubsection.2.1.2}{Eficiencia te\363rica divide y vencer\341s}{subsection.2.1}% 5
\BOOKMARK [2][-]{subsection.2.2}{Tiempos de ejecuci\363n}{section.2}% 6
\BOOKMARK [2][-]{subsection.2.3}{Estudio emp\355rico e h\355brido}{section.2}% 7
\BOOKMARK [3][-]{subsubsection.2.3.1}{Mezcla con fuerza bruta}{subsection.2.3}% 8
\BOOKMARK [3][-]{subsubsection.2.3.2}{Mezcla con divide y vencer\341s}{subsection.2.3}% 9
\BOOKMARK [3][-]{subsubsection.2.3.3}{Comparativa}{subsection.2.3}% 10
\BOOKMARK [1][-]{section.3}{Comparaci\363n de preferencias \(opcional\)}{}% 11
\BOOKMARK [2][-]{subsection.3.1}{Fuerza bruta}{section.3}% 12
\BOOKMARK [3][-]{subsubsection.3.1.1}{Eficiencia te\363rica}{subsection.3.1}% 13
\BOOKMARK [3][-]{subsubsection.3.1.2}{Eficiencia emp\355rica}{subsection.3.1}% 14
\BOOKMARK [2][-]{subsection.3.2}{Divide y vencer\341s}{section.3}% 15
\BOOKMARK [3][-]{subsubsection.3.2.1}{Eficiencia te\363rica}{subsection.3.2}% 16
\BOOKMARK [3][-]{subsubsection.3.2.2}{Eficiencia emp\355rica}{subsection.3.2}% 17
\BOOKMARK [2][-]{subsection.3.3}{Divide y vencer\341s con mergesort}{section.3}% 18
\BOOKMARK [3][-]{subsubsection.3.3.1}{Eficiencia te\363rica}{subsection.3.3}% 19
\BOOKMARK [3][-]{subsubsection.3.3.2}{Eficiencia emp\355rica}{subsection.3.3}% 20
\BOOKMARK [2][-]{subsection.3.4}{Comparaci\363n}{section.3}% 21
\BOOKMARK [1][-]{section.4}{Bibliografia}{}% 22
